<?xml version="1.0" encoding="UTF-8"?>
<!-- Generated by org.testng.reporters.JUnitReportReporter -->
<testsuite hostname="LAPTOP-ERM50F7V" failures="0" tests="1" name="com.in.ExcelRprojectnew.myaccountwishlist" time="29.471" errors="0" timestamp="2024-04-18T22:21:56 IST" skipped="0">
  <testcase classname="com.in.ExcelRprojectnew.myaccountwishlist" name="accountcreate" time="29.471"/>
  <system-out/>
</testsuite> <!-- com.in.ExcelRprojectnew.myaccountwishlist -->
