<?xml version="1.0" encoding="UTF-8"?>
<!-- Generated by org.testng.reporters.JUnitReportReporter -->
<testsuite hostname="LAPTOP-ERM50F7V" failures="0" tests="1" name="com.in.ExcelRprojectnew.addproductwithoutsignin" time="15.292" errors="0" timestamp="2024-04-18T22:23:36 IST" skipped="0">
  <testcase classname="com.in.ExcelRprojectnew.addproductwithoutsignin" name="accountcreate" time="15.292"/>
  <system-out/>
</testsuite> <!-- com.in.ExcelRprojectnew.addproductwithoutsignin -->
