<?xml version="1.0" encoding="UTF-8"?>
<!-- Generated by org.testng.reporters.JUnitReportReporter -->
<testsuite hostname="LAPTOP-ERM50F7V" failures="0" tests="1" name="com.in.ExcelRprojectnew.sale" time="18.930" errors="0" timestamp="2024-04-18T22:21:56 IST" skipped="0">
  <testcase classname="com.in.ExcelRprojectnew.sale" name="accountcreate" time="18.930"/>
  <system-out/>
</testsuite> <!-- com.in.ExcelRprojectnew.sale -->
