<?xml version="1.0" encoding="UTF-8"?>
<!-- Generated by org.testng.reporters.JUnitReportReporter -->
<testsuite hostname="LAPTOP-ERM50F7V" failures="0" tests="1" name="com.in.ExcelRprojectnew.whatsnewdetails" time="20.988" errors="0" timestamp="2024-04-18T22:21:56 IST" skipped="0">
  <testcase classname="com.in.ExcelRprojectnew.whatsnewdetails" name="accountcreate" time="20.988"/>
  <system-out/>
</testsuite> <!-- com.in.ExcelRprojectnew.whatsnewdetails -->
